{"ts":"2026-06-26T11:40:29.956Z","userId":2,"type":"payments_load_start","message":"Loading payments","meta":{"isAdmin":true}}
{"ts":"2026-06-26T11:40:29.960Z","userId":2,"type":"payments_load_start","message":"Loading payments","meta":{"isAdmin":true}}
{"ts":"2026-06-26T11:40:30.006Z","userId":2,"type":"payments_load_success","message":"Loaded payments","meta":{"count":5}}
{"ts":"2026-06-26T11:40:30.036Z","userId":2,"type":"payments_load_success","message":"Loaded payments","meta":{"count":5}}
{"ts":"2026-06-26T11:45:34.419Z","userId":2,"type":"payments_load_start","message":"Loading payments","meta":{"isAdmin":true}}
{"ts":"2026-06-26T11:45:34.442Z","userId":2,"type":"payments_load_start","message":"Loading payments","meta":{"isAdmin":true}}
{"ts":"2026-06-26T11:45:34.549Z","userId":2,"type":"payments_load_success","message":"Loaded payments","meta":{"count":5}}
{"ts":"2026-06-26T11:45:34.556Z","userId":2,"type":"payments_load_success","message":"Loaded payments","meta":{"count":5}}
{"ts":"2026-06-26T11:50:23.261Z","userId":2,"type":"payments_load_start","message":"Loading payments","meta":{"isAdmin":true}}
{"ts":"2026-06-26T11:50:23.289Z","userId":2,"type":"payments_load_start","message":"Loading payments","meta":{"isAdmin":true}}
{"ts":"2026-06-26T11:50:24.028Z","userId":2,"type":"payments_load_success","message":"Loaded payments","meta":{"count":5}}
{"ts":"2026-06-26T11:50:24.074Z","userId":2,"type":"payments_load_success","message":"Loaded payments","meta":{"count":5}}
{"ts":"2026-06-29T12:09:50.460Z","userId":2,"type":"payments_load_start","message":"Loading payments","meta":{"isAdmin":true}}
{"ts":"2026-06-29T12:09:50.464Z","userId":2,"type":"payments_load_start","message":"Loading payments","meta":{"isAdmin":true}}
{"ts":"2026-06-29T12:09:50.492Z","userId":2,"type":"payments_load_success","message":"Loaded payments","meta":{"count":5}}
{"ts":"2026-06-29T12:09:50.597Z","userId":2,"type":"payments_load_success","message":"Loaded payments","meta":{"count":5}}
{"ts":"2026-06-29T12:35:12.682Z","userId":1009,"type":"payments_load_start","message":"Loading payments","meta":{"isAdmin":false}}
{"ts":"2026-06-29T12:35:12.689Z","userId":1009,"type":"payments_load_start","message":"Loading payments","meta":{"isAdmin":false}}
{"ts":"2026-06-29T12:35:12.714Z","userId":1009,"type":"payments_load_success","message":"Loaded payments","meta":{"count":0}}
{"ts":"2026-06-29T12:35:12.731Z","userId":1009,"type":"payments_load_success","message":"Loaded payments","meta":{"count":0}}
{"ts":"2026-06-29T12:39:54.400Z","userId":4,"type":"payments_load_start","message":"Loading payments","meta":{"isAdmin":false}}
{"ts":"2026-06-29T12:39:54.402Z","userId":4,"type":"payments_load_start","message":"Loading payments","meta":{"isAdmin":false}}
{"ts":"2026-06-29T12:39:54.421Z","userId":4,"type":"payments_load_success","message":"Loaded payments","meta":{"count":2}}
{"ts":"2026-06-29T12:39:54.434Z","userId":4,"type":"payments_load_success","message":"Loaded payments","meta":{"count":2}}
{"ts":"2026-07-09T19:20:32.404Z","userId":4,"type":"payments_load_start","message":"Loading payments","meta":{"isAdmin":false}}
{"ts":"2026-07-09T19:20:32.416Z","userId":4,"type":"payments_load_start","message":"Loading payments","meta":{"isAdmin":false}}
{"ts":"2026-07-09T19:20:32.463Z","userId":4,"type":"payments_load_success","message":"Loaded payments","meta":{"count":6}}
{"ts":"2026-07-09T19:20:32.511Z","userId":4,"type":"payments_load_success","message":"Loaded payments","meta":{"count":6}}
{"ts":"2026-07-09T19:57:39.044Z","userId":2,"type":"payments_load_start","message":"Loading payments","meta":{"isAdmin":true}}
{"ts":"2026-07-09T19:57:39.048Z","userId":2,"type":"payments_load_start","message":"Loading payments","meta":{"isAdmin":true}}
{"ts":"2026-07-09T19:57:39.092Z","userId":2,"type":"payments_load_success","message":"Loaded payments","meta":{"count":13}}
{"ts":"2026-07-09T19:57:39.125Z","userId":2,"type":"payments_load_success","message":"Loaded payments","meta":{"count":13}}
{"ts":"2026-07-09T19:57:46.971Z","userId":2,"type":"update_status_start","message":"Updating payment status","meta":{"paymentId":29,"newStatus":"completed"}}
{"ts":"2026-07-09T19:57:47.044Z","userId":2,"type":"update_status_error","message":"Failed to complete payment","meta":{"paymentId":29,"newStatus":"completed"}}
{"ts":"2026-07-09T19:57:48.871Z","userId":2,"type":"update_status_start","message":"Updating payment status","meta":{"paymentId":28,"newStatus":"completed"}}
{"ts":"2026-07-09T19:57:48.885Z","userId":2,"type":"update_status_error","message":"Failed to complete payment","meta":{"paymentId":28,"newStatus":"completed"}}
{"ts":"2026-07-09T19:57:50.150Z","userId":2,"type":"update_status_start","message":"Updating payment status","meta":{"paymentId":27,"newStatus":"completed"}}
{"ts":"2026-07-09T19:57:50.179Z","userId":2,"type":"update_status_error","message":"Failed to complete payment","meta":{"paymentId":27,"newStatus":"completed"}}
{"ts":"2026-07-09T19:58:43.840Z","userId":2,"type":"payments_load_start","message":"Loading payments","meta":{"isAdmin":true}}
{"ts":"2026-07-09T19:58:43.854Z","userId":2,"type":"payments_load_start","message":"Loading payments","meta":{"isAdmin":true}}
{"ts":"2026-07-09T19:58:43.957Z","userId":2,"type":"payments_load_success","message":"Loaded payments","meta":{"count":13}}
{"ts":"2026-07-09T19:58:44.130Z","userId":2,"type":"payments_load_success","message":"Loaded payments","meta":{"count":13}}
{"ts":"2026-07-09T19:58:49.082Z","userId":2,"type":"update_status_start","message":"Updating payment status","meta":{"paymentId":18,"newStatus":"completed"}}
{"ts":"2026-07-09T19:58:49.103Z","userId":2,"type":"update_status_error","message":"Failed to complete payment","meta":{"paymentId":18,"newStatus":"completed"}}
{"ts":"2026-07-09T20:08:23.112Z","userId":2,"type":"payments_load_start","message":"Loading payments","meta":{"isAdmin":true}}
{"ts":"2026-07-09T20:08:23.122Z","userId":2,"type":"payments_load_start","message":"Loading payments","meta":{"isAdmin":true}}
{"ts":"2026-07-09T20:08:23.171Z","userId":2,"type":"payments_load_success","message":"Loaded payments","meta":{"count":13}}
{"ts":"2026-07-09T20:08:23.363Z","userId":2,"type":"payments_load_success","message":"Loaded payments","meta":{"count":13}}
{"ts":"2026-07-09T20:08:26.422Z","userId":2,"type":"update_status_start","message":"Updating payment status","meta":{"paymentId":15,"newStatus":"completed"}}
{"ts":"2026-07-09T20:08:26.523Z","userId":2,"type":"update_status_success","message":"Payment status updated","meta":{"paymentId":15,"newStatus":"completed"}}
{"ts":"2026-07-09T20:08:30.967Z","userId":2,"type":"update_status_start","message":"Updating payment status","meta":{"paymentId":17,"newStatus":"failed"}}
{"ts":"2026-07-09T20:08:31.072Z","userId":2,"type":"update_status_success","message":"Payment status updated","meta":{"paymentId":17,"newStatus":"failed"}}
{"ts":"2026-07-09T20:08:34.526Z","userId":2,"type":"view_payment","message":"Viewing payment details","meta":{"paymentId":29}}
{"ts":"2026-07-09T20:08:38.048Z","userId":2,"type":"update_status_start","message":"Updating payment status","meta":{"paymentId":29,"newStatus":"completed"}}
{"ts":"2026-07-09T20:08:38.211Z","userId":2,"type":"update_status_success","message":"Payment status updated","meta":{"paymentId":29,"newStatus":"completed"}}
{"ts":"2026-07-21T04:57:39.049Z","userId":2,"type":"payments_load_start","message":"Loading payments","meta":{"isAdmin":true}}
{"ts":"2026-07-21T04:57:39.079Z","userId":2,"type":"payments_load_start","message":"Loading payments","meta":{"isAdmin":true}}
{"ts":"2026-07-21T04:57:39.143Z","userId":2,"type":"payments_load_success","message":"Loaded payments","meta":{"count":14}}
{"ts":"2026-07-21T04:57:39.176Z","userId":2,"type":"payments_load_success","message":"Loaded payments","meta":{"count":14}}
{"ts":"2026-07-21T04:57:44.548Z","userId":2,"type":"update_status_start","message":"Updating payment status","meta":{"paymentId":18,"newStatus":"completed"}}
{"ts":"2026-07-21T04:57:44.584Z","userId":2,"type":"update_status_success","message":"Payment status updated","meta":{"paymentId":18,"newStatus":"completed"}}
{"ts":"2026-07-21T04:57:46.211Z","userId":2,"type":"update_status_start","message":"Updating payment status","meta":{"paymentId":26,"newStatus":"completed"}}
{"ts":"2026-07-21T04:57:46.227Z","userId":2,"type":"update_status_success","message":"Payment status updated","meta":{"paymentId":26,"newStatus":"completed"}}
{"ts":"2026-07-21T04:57:49.146Z","userId":2,"type":"update_status_start","message":"Updating payment status","meta":{"paymentId":27,"newStatus":"completed"}}
{"ts":"2026-07-21T04:57:49.198Z","userId":2,"type":"update_status_success","message":"Payment status updated","meta":{"paymentId":27,"newStatus":"completed"}}
{"ts":"2026-07-21T04:57:49.286Z","userId":2,"type":"update_status_start","message":"Updating payment status","meta":{"paymentId":28,"newStatus":"completed"}}
{"ts":"2026-07-21T04:57:49.301Z","userId":2,"type":"update_status_success","message":"Payment status updated","meta":{"paymentId":28,"newStatus":"completed"}}
{"ts":"2026-07-21T04:57:51.978Z","userId":2,"type":"update_status_start","message":"Updating payment status","meta":{"paymentId":1008,"newStatus":"completed"}}
{"ts":"2026-07-21T04:57:52.005Z","userId":2,"type":"update_status_success","message":"Payment status updated","meta":{"paymentId":1008,"newStatus":"completed"}}
{"ts":"2026-07-21T04:57:53.926Z","userId":2,"type":"update_status_start","message":"Updating payment status","meta":{"paymentId":16,"newStatus":"completed"}}
{"ts":"2026-07-21T04:57:53.995Z","userId":2,"type":"update_status_success","message":"Payment status updated","meta":{"paymentId":16,"newStatus":"completed"}}
{"ts":"2026-07-23T06:26:23.756Z","userId":1006,"type":"payments_load_start","message":"Loading payments","meta":{"isAdmin":false}}
{"ts":"2026-07-23T06:26:23.764Z","userId":1006,"type":"payments_load_start","message":"Loading payments","meta":{"isAdmin":false}}
{"ts":"2026-07-23T06:26:23.795Z","userId":1006,"type":"payments_load_success","message":"Loaded payments","meta":{"count":0}}
{"ts":"2026-07-23T06:26:23.810Z","userId":1006,"type":"payments_load_success","message":"Loaded payments","meta":{"count":0}}
{"ts":"2026-07-23T07:10:01.211Z","userId":1006,"type":"payments_load_start","message":"Loading payments","meta":{"isAdmin":false}}
{"ts":"2026-07-23T07:10:01.232Z","userId":1006,"type":"payments_load_start","message":"Loading payments","meta":{"isAdmin":false}}
{"ts":"2026-07-23T07:10:01.354Z","userId":1006,"type":"payments_load_success","message":"Loaded payments","meta":{"count":0}}
{"ts":"2026-07-23T07:10:01.415Z","userId":1006,"type":"payments_load_success","message":"Loaded payments","meta":{"count":0}}
{"ts":"2026-07-23T09:03:43.709Z","userId":1006,"type":"payments_load_start","message":"Loading payments","meta":{"isAdmin":false}}
{"ts":"2026-07-23T09:03:43.738Z","userId":1006,"type":"payments_load_start","message":"Loading payments","meta":{"isAdmin":false}}
{"ts":"2026-07-23T09:03:43.850Z","userId":1006,"type":"payments_load_success","message":"Loaded payments","meta":{"count":1}}
{"ts":"2026-07-23T09:03:43.921Z","userId":1006,"type":"payments_load_success","message":"Loaded payments","meta":{"count":1}}
